[2024-03-15T01:54:39.785-0400] {taskinstance.py:1979} INFO - Dependencies all met for dep_context=non-requeueable deps ti=<TaskInstance: PII_Data_Detection.tokenize_data_task scheduled__2024-03-15T05:52:00+00:00 [queued]>
[2024-03-15T01:54:39.792-0400] {taskinstance.py:1979} INFO - Dependencies all met for dep_context=requeueable deps ti=<TaskInstance: PII_Data_Detection.tokenize_data_task scheduled__2024-03-15T05:52:00+00:00 [queued]>
[2024-03-15T01:54:39.792-0400] {taskinstance.py:2193} INFO - Starting attempt 1 of 2
[2024-03-15T01:54:39.815-0400] {taskinstance.py:2217} INFO - Executing <Task(PythonOperator): tokenize_data_task> on 2024-03-15 05:52:00+00:00
[2024-03-15T01:54:39.820-0400] {standard_task_runner.py:60} INFO - Started process 184420 to run task
[2024-03-15T01:54:39.825-0400] {standard_task_runner.py:87} INFO - Running: ['airflow', 'tasks', 'run', 'PII_Data_Detection', 'tokenize_data_task', 'scheduled__2024-03-15T05:52:00+00:00', '--job-id', '175', '--raw', '--subdir', 'DAGS_FOLDER/src/airflow.py', '--cfg-path', '/tmp/tmpsj2srsav']
[2024-03-15T01:54:39.827-0400] {standard_task_runner.py:88} INFO - Job 175: Subtask tokenize_data_task
[2024-03-15T01:54:39.973-0400] {task_command.py:423} INFO - Running <TaskInstance: PII_Data_Detection.tokenize_data_task scheduled__2024-03-15T05:52:00+00:00 [running]> on host MSI.
[2024-03-15T01:54:40.254-0400] {taskinstance.py:2513} INFO - Exporting env vars: AIRFLOW_CTX_DAG_OWNER='airflow' AIRFLOW_CTX_DAG_ID='PII_Data_Detection' AIRFLOW_CTX_TASK_ID='tokenize_data_task' AIRFLOW_CTX_EXECUTION_DATE='2024-03-15T05:52:00+00:00' AIRFLOW_CTX_TRY_NUMBER='1' AIRFLOW_CTX_DAG_RUN_ID='scheduled__2024-03-15T05:52:00+00:00'
[2024-03-15T01:54:40.260-0400] {logging_mixin.py:188} INFO - fetched project directory successfully /home/vineshgvk/PII-Data
[2024-03-15T01:54:40.293-0400] {logging_mixin.py:188} INFO - fetched path from resample_data task /home/vineshgvk/PII-Data/dags/processed/resampled.json
[2024-03-15T01:54:40.308-0400] {logging_mixin.py:188} INFO - fetched path from resample_data task /home/vineshgvk/PII-Data/dags/processed/label_encoder_data.json
[2024-03-15T01:54:40.310-0400] {logging_mixin.py:188} INFO - labelencoder data has been fectched successfully
[2024-03-15T01:54:40.331-0400] {logging_mixin.py:188} INFO - resampled data has been fectched successfully
[2024-03-15T01:54:41.549-0400] {logging_mixin.py:188} WARNING - /home/vineshgvk/airflow_env/lib/python3.10/site-packages/transformers/convert_slow_tokenizer.py:550 UserWarning: The sentencepiece tokenizer that you are converting to a fast tokenizer uses the byte fallback option which is not implemented in the fast tokenizers. In practice this means that the fast version of the tokenizer can produce unknown tokens whereas the sentencepiece version would have converted these unknown tokens into a sequence of byte tokens matching the original piece of text.
[2024-03-15T01:54:41.895-0400] {logging_mixin.py:188} INFO - Inititated the tokenizer using the model microsoft/deberta-v3-base
[2024-03-15T01:54:41.933-0400] {logging_mixin.py:188} WARNING - Map:   0%|          | 0/20 [00:00<?, ? examples/s]
[2024-03-15T01:54:41.935-0400] {logging_mixin.py:188} INFO - Entered tokenize fucntion
[2024-03-15T01:54:41.949-0400] {logging_mixin.py:188} INFO - Entered tokenize fucntion
[2024-03-15T01:54:41.954-0400] {logging_mixin.py:188} INFO - Entered tokenize fucntion
[2024-03-15T01:54:41.961-0400] {logging_mixin.py:188} INFO - Entered tokenize fucntion
[2024-03-15T01:54:41.969-0400] {logging_mixin.py:188} INFO - Entered tokenize fucntion
[2024-03-15T01:54:41.982-0400] {logging_mixin.py:188} INFO - Entered tokenize fucntion
[2024-03-15T01:54:41.986-0400] {logging_mixin.py:188} INFO - Entered tokenize fucntion
[2024-03-15T01:54:41.990-0400] {logging_mixin.py:188} INFO - Entered tokenize fucntion
[2024-03-15T01:54:41.997-0400] {logging_mixin.py:188} INFO - Entered tokenize fucntion
[2024-03-15T01:54:42.002-0400] {logging_mixin.py:188} INFO - Entered tokenize fucntion
[2024-03-15T01:54:42.016-0400] {logging_mixin.py:188} INFO - Entered tokenize fucntion
[2024-03-15T01:54:42.022-0400] {logging_mixin.py:188} INFO - Entered tokenize fucntion
[2024-03-15T01:54:42.026-0400] {logging_mixin.py:188} INFO - Entered tokenize fucntion
[2024-03-15T01:54:42.030-0400] {logging_mixin.py:188} INFO - Entered tokenize fucntion
[2024-03-15T01:54:42.037-0400] {logging_mixin.py:188} WARNING - Map:  70%|#######   | 14/20 [00:00<00:00, 135.90 examples/s]
[2024-03-15T01:54:42.037-0400] {logging_mixin.py:188} INFO - Entered tokenize fucntion
[2024-03-15T01:54:42.046-0400] {logging_mixin.py:188} INFO - Entered tokenize fucntion
[2024-03-15T01:54:42.049-0400] {logging_mixin.py:188} INFO - Entered tokenize fucntion
[2024-03-15T01:54:42.052-0400] {logging_mixin.py:188} INFO - Entered tokenize fucntion
[2024-03-15T01:54:42.056-0400] {logging_mixin.py:188} INFO - Entered tokenize fucntion
[2024-03-15T01:54:42.060-0400] {logging_mixin.py:188} INFO - Entered tokenize fucntion
[2024-03-15T01:54:42.099-0400] {logging_mixin.py:188} WARNING - Map: 100%|##########| 20/20 [00:00<00:00, 120.84 examples/s]
[2024-03-15T01:54:42.104-0400] {logging_mixin.py:188} WARNING - Creating json from Arrow format:   0%|          | 0/1 [00:00<?, ?ba/s]
[2024-03-15T01:54:42.138-0400] {logging_mixin.py:188} WARNING - Creating json from Arrow format: 100%|##########| 1/1 [00:00<00:00, 29.37ba/s]
[2024-03-15T01:54:42.247-0400] {python.py:202} INFO - Done. Returned value was: Dataset({
    features: ['full_text', 'document', 'tokens', 'trailing_whitespace', 'provided_labels', 'input_ids', 'token_type_ids', 'attention_mask', 'offset_mapping', 'labels', 'length'],
    num_rows: 20
})
[2024-03-15T01:54:42.307-0400] {taskinstance.py:1149} INFO - Marking task as SUCCESS. dag_id=PII_Data_Detection, task_id=tokenize_data_task, execution_date=20240315T055200, start_date=20240315T055439, end_date=20240315T055442
[2024-03-15T01:54:42.426-0400] {local_task_job_runner.py:234} INFO - Task exited with return code 0
[2024-03-15T01:54:42.482-0400] {taskinstance.py:3312} INFO - 0 downstream tasks scheduled from follow-on schedule check
