[2024-03-15T00:36:54.753-0400] {taskinstance.py:1979} INFO - Dependencies all met for dep_context=non-requeueable deps ti=<TaskInstance: PII_Data_Detection.missing_values_removal manual__2024-03-15T04:02:43.224252+00:00 [queued]>
[2024-03-15T00:36:54.784-0400] {taskinstance.py:1979} INFO - Dependencies all met for dep_context=requeueable deps ti=<TaskInstance: PII_Data_Detection.missing_values_removal manual__2024-03-15T04:02:43.224252+00:00 [queued]>
[2024-03-15T00:36:54.785-0400] {taskinstance.py:2193} INFO - Starting attempt 4 of 4
[2024-03-15T00:36:54.862-0400] {taskinstance.py:2217} INFO - Executing <Task(PythonOperator): missing_values_removal> on 2024-03-15 04:02:43.224252+00:00
[2024-03-15T00:36:54.883-0400] {standard_task_runner.py:60} INFO - Started process 137728 to run task
[2024-03-15T00:36:54.900-0400] {standard_task_runner.py:87} INFO - Running: ['airflow', 'tasks', 'run', 'PII_Data_Detection', 'missing_values_removal', 'manual__2024-03-15T04:02:43.224252+00:00', '--job-id', '61', '--raw', '--subdir', 'DAGS_FOLDER/src/airflow.py', '--cfg-path', '/tmp/tmpwjj81h1c']
[2024-03-15T00:36:54.910-0400] {standard_task_runner.py:88} INFO - Job 61: Subtask missing_values_removal
[2024-03-15T00:36:55.026-0400] {task_command.py:423} INFO - Running <TaskInstance: PII_Data_Detection.missing_values_removal manual__2024-03-15T04:02:43.224252+00:00 [running]> on host MSI.
[2024-03-15T00:36:55.129-0400] {taskinstance.py:2513} INFO - Exporting env vars: AIRFLOW_CTX_DAG_OWNER='airflow' AIRFLOW_CTX_DAG_ID='PII_Data_Detection' AIRFLOW_CTX_TASK_ID='missing_values_removal' AIRFLOW_CTX_EXECUTION_DATE='2024-03-15T04:02:43.224252+00:00' AIRFLOW_CTX_TRY_NUMBER='4' AIRFLOW_CTX_DAG_RUN_ID='manual__2024-03-15T04:02:43.224252+00:00'
[2024-03-15T00:36:55.130-0400] {logging_mixin.py:188} INFO - fetched project directory successfully /home/vineshgvk/PII-Data
[2024-03-15T00:36:55.136-0400] {logging_mixin.py:188} INFO - fetched path from load_gcp_data task /home/vineshgvk/PII-Data/dags/processed/train_com.json
[2024-03-15T00:36:55.137-0400] {logging_mixin.py:188} INFO - Loading data from: /home/vineshgvk/PII-Data/dags/processed/train_com.json
[2024-03-15T00:36:55.150-0400] {logging_mixin.py:188} INFO - created outputPath /home/vineshgvk/PII-Data/data/processed/missing_values.pkl
[2024-03-15T00:36:55.151-0400] {taskinstance.py:2731} ERROR - Task failed with exception
Traceback (most recent call last):
  File "/home/vineshgvk/airflow_env/lib/python3.10/site-packages/airflow/models/taskinstance.py", line 444, in _execute_task
    result = _execute_callable(context=context, **execute_callable_kwargs)
  File "/home/vineshgvk/airflow_env/lib/python3.10/site-packages/airflow/models/taskinstance.py", line 414, in _execute_callable
    return execute_callable(context=context, **execute_callable_kwargs)
  File "/home/vineshgvk/airflow_env/lib/python3.10/site-packages/airflow/operators/python.py", line 200, in execute
    return_value = self.execute_callable()
  File "/home/vineshgvk/airflow_env/lib/python3.10/site-packages/airflow/operators/python.py", line 217, in execute_callable
    return self.python_callable(*self.op_args, **self.op_kwargs)
  File "/home/vineshgvk/PII-Data/dags/src/missing_values.py", line 50, in naHandler
    with open(outputPath, "wb") as file:
FileNotFoundError: [Errno 2] No such file or directory: '/home/vineshgvk/PII-Data/data/processed/missing_values.pkl'
[2024-03-15T00:36:55.161-0400] {taskinstance.py:1149} INFO - Marking task as FAILED. dag_id=PII_Data_Detection, task_id=missing_values_removal, execution_date=20240315T040243, start_date=20240315T043654, end_date=20240315T043655
[2024-03-15T00:36:55.197-0400] {standard_task_runner.py:107} ERROR - Failed to execute job 61 for task missing_values_removal ([Errno 2] No such file or directory: '/home/vineshgvk/PII-Data/data/processed/missing_values.pkl'; 137728)
[2024-03-15T00:36:55.240-0400] {local_task_job_runner.py:234} INFO - Task exited with return code 1
[2024-03-15T00:36:55.294-0400] {taskinstance.py:3312} INFO - 0 downstream tasks scheduled from follow-on schedule check
