[2024-03-15T00:03:51.451-0400] {taskinstance.py:1979} INFO - Dependencies all met for dep_context=non-requeueable deps ti=<TaskInstance: PII_Data_Detection.missing_values_removal manual__2024-03-15T04:02:43.224252+00:00 [queued]>
[2024-03-15T00:03:51.455-0400] {taskinstance.py:1979} INFO - Dependencies all met for dep_context=requeueable deps ti=<TaskInstance: PII_Data_Detection.missing_values_removal manual__2024-03-15T04:02:43.224252+00:00 [queued]>
[2024-03-15T00:03:51.455-0400] {taskinstance.py:2193} INFO - Starting attempt 2 of 2
[2024-03-15T00:03:51.472-0400] {taskinstance.py:2217} INFO - Executing <Task(PythonOperator): missing_values_removal> on 2024-03-15 04:02:43.224252+00:00
[2024-03-15T00:03:51.475-0400] {standard_task_runner.py:60} INFO - Started process 119225 to run task
[2024-03-15T00:03:51.477-0400] {standard_task_runner.py:87} INFO - Running: ['airflow', 'tasks', 'run', 'PII_Data_Detection', 'missing_values_removal', 'manual__2024-03-15T04:02:43.224252+00:00', '--job-id', '27', '--raw', '--subdir', 'DAGS_FOLDER/src/airflow.py', '--cfg-path', '/tmp/tmp1fqx70of']
[2024-03-15T00:03:51.478-0400] {standard_task_runner.py:88} INFO - Job 27: Subtask missing_values_removal
[2024-03-15T00:03:51.510-0400] {task_command.py:423} INFO - Running <TaskInstance: PII_Data_Detection.missing_values_removal manual__2024-03-15T04:02:43.224252+00:00 [running]> on host MSI.
[2024-03-15T00:03:51.559-0400] {taskinstance.py:2513} INFO - Exporting env vars: AIRFLOW_CTX_DAG_OWNER='airflow' AIRFLOW_CTX_DAG_ID='PII_Data_Detection' AIRFLOW_CTX_TASK_ID='missing_values_removal' AIRFLOW_CTX_EXECUTION_DATE='2024-03-15T04:02:43.224252+00:00' AIRFLOW_CTX_TRY_NUMBER='2' AIRFLOW_CTX_DAG_RUN_ID='manual__2024-03-15T04:02:43.224252+00:00'
[2024-03-15T00:03:51.560-0400] {logging_mixin.py:188} INFO - fetched project directory successfully /home/vineshgvk/PII-Data
[2024-03-15T00:03:51.563-0400] {logging_mixin.py:188} INFO - fetched path from load_gcp_data task /home/vineshgvk/PII-Data/dags/processed/train_com.json
[2024-03-15T00:03:51.564-0400] {logging_mixin.py:188} INFO - Loading data from: /home/vineshgvk/PII-Data/dags/processed/train_com.json
[2024-03-15T00:03:51.570-0400] {logging_mixin.py:188} INFO - created outputPath /home/vineshgvk/PII-Data/data/processed/missing_values.pkl
[2024-03-15T00:03:51.570-0400] {taskinstance.py:2731} ERROR - Task failed with exception
Traceback (most recent call last):
  File "/home/vineshgvk/airflow_env/lib/python3.10/site-packages/airflow/models/taskinstance.py", line 444, in _execute_task
    result = _execute_callable(context=context, **execute_callable_kwargs)
  File "/home/vineshgvk/airflow_env/lib/python3.10/site-packages/airflow/models/taskinstance.py", line 414, in _execute_callable
    return execute_callable(context=context, **execute_callable_kwargs)
  File "/home/vineshgvk/airflow_env/lib/python3.10/site-packages/airflow/operators/python.py", line 200, in execute
    return_value = self.execute_callable()
  File "/home/vineshgvk/airflow_env/lib/python3.10/site-packages/airflow/operators/python.py", line 217, in execute_callable
    return self.python_callable(*self.op_args, **self.op_kwargs)
  File "/home/vineshgvk/PII-Data/dags/src/missing_values.py", line 50, in naHandler
    with open(outputPath, "wb") as file:
FileNotFoundError: [Errno 2] No such file or directory: '/home/vineshgvk/PII-Data/data/processed/missing_values.pkl'
[2024-03-15T00:03:51.573-0400] {taskinstance.py:1149} INFO - Marking task as FAILED. dag_id=PII_Data_Detection, task_id=missing_values_removal, execution_date=20240315T040243, start_date=20240315T040351, end_date=20240315T040351
[2024-03-15T00:03:51.586-0400] {standard_task_runner.py:107} ERROR - Failed to execute job 27 for task missing_values_removal ([Errno 2] No such file or directory: '/home/vineshgvk/PII-Data/data/processed/missing_values.pkl'; 119225)
[2024-03-15T00:03:51.611-0400] {local_task_job_runner.py:234} INFO - Task exited with return code 1
[2024-03-15T00:03:51.633-0400] {taskinstance.py:3312} INFO - 0 downstream tasks scheduled from follow-on schedule check
